  [1m[35m (0.6ms)[0m  [1m[35mDROP DATABASE IF EXISTS "CHANGE_THIS_TO_YOUR_RAILS_APP_NAME_development"[0m
  [1m[35m (0.1ms)[0m  [1m[35mDROP DATABASE IF EXISTS "CHANGE_THIS_TO_YOUR_RAILS_APP_NAME_test"[0m
  [1m[35m (268.4ms)[0m  [1m[35mCREATE DATABASE "CHANGE_THIS_TO_YOUR_RAILS_APP_NAME_development" ENCODING = 'unicode'[0m
  [1m[35m (94.6ms)[0m  [1m[35mCREATE DATABASE "CHANGE_THIS_TO_YOUR_RAILS_APP_NAME_test" ENCODING = 'unicode'[0m
  [1m[35m (32.5ms)[0m  [1m[35mCREATE TABLE "schema_migrations" ("version" character varying NOT NULL PRIMARY KEY)[0m
  [1m[35m (26.0ms)[0m  [1m[35mCREATE TABLE "ar_internal_metadata" ("key" character varying NOT NULL PRIMARY KEY, "value" character varying, "created_at" timestamp(6) NOT NULL, "updated_at" timestamp(6) NOT NULL)[0m
  [1m[35m (11.7ms)[0m  [1m[34mSELECT pg_try_advisory_lock(2054292390599346030)[0m
  [1m[35m (0.6ms)[0m  [1m[34mSELECT "schema_migrations"."version" FROM "schema_migrations" ORDER BY "schema_migrations"."version" ASC[0m
  [1m[36mActiveRecord::InternalMetadata Load (6.4ms)[0m  [1m[34mSELECT "ar_internal_metadata".* FROM "ar_internal_metadata" WHERE "ar_internal_metadata"."key" = $1 LIMIT $2[0m  [["key", "environment"], ["LIMIT", 1]]
  [1m[35m (0.2ms)[0m  [1m[35mBEGIN[0m
  [1m[36mActiveRecord::InternalMetadata Create (0.5ms)[0m  [1m[32mINSERT INTO "ar_internal_metadata" ("key", "value", "created_at", "updated_at") VALUES ($1, $2, $3, $4) RETURNING "key"[0m  [["key", "environment"], ["value", "development"], ["created_at", "2021-03-30 18:35:23.546256"], ["updated_at", "2021-03-30 18:35:23.546256"]]
  [1m[35m (5.0ms)[0m  [1m[35mCOMMIT[0m
  [1m[35m (0.2ms)[0m  [1m[34mSELECT pg_advisory_unlock(2054292390599346030)[0m
  [1m[35m (0.6ms)[0m  [1m[34mSELECT "schema_migrations"."version" FROM "schema_migrations" ORDER BY "schema_migrations"."version" ASC[0m
Started GET "/" for ::1 at 2021-03-30 16:12:36 -0300
Processing by PagesController#home as HTML
  Rendering pages/home.html.erb within layouts/application
  Rendered pages/home.html.erb within layouts/application (Duration: 2.5ms | Allocations: 377)
Completed 500 Internal Server Error in 29ms (ActiveRecord: 0.0ms | Allocations: 10300)


  
ActionView::Template::Error (Error: File to import not found or unreadable: config/fonts.
        on line 2:1 of app/assets/stylesheets/application.scss
>> @import "config/fonts";

   ^
):
     8:     <meta charset="UTF-8">
     9:     <link rel="stylesheet" href="styles.css">
    10:     <meta name="viewport" content="width=device-width, initial-scale=1, shrink-to-fit=no">
    11:     <%= stylesheet_link_tag 'application', media: 'all', 'data-turbolinks-track': 'reload' %>
    12: 
    13:     <%= javascript_pack_tag 'application', 'data-turbolinks-track': 'reload', defer: true %>
    14:   </head>
  
app/assets/stylesheets/application.scss:2
app/views/layouts/application.html.erb:11
Started GET "/" for ::1 at 2021-03-30 16:13:17 -0300
Processing by PagesController#home as HTML
  Rendering pages/home.html.erb within layouts/application
  Rendered pages/home.html.erb within layouts/application (Duration: 0.0ms | Allocations: 5)
Completed 500 Internal Server Error in 5ms (ActiveRecord: 0.0ms | Allocations: 2811)


  
ActionView::Template::Error (Error: File to import not found or unreadable: config/colors.
        on line 3:1 of app/assets/stylesheets/application.scss
>> @import "config/colors";

   ^
):
     8:     <meta charset="UTF-8">
     9:     <link rel="stylesheet" href="styles.css">
    10:     <meta name="viewport" content="width=device-width, initial-scale=1, shrink-to-fit=no">
    11:     <%= stylesheet_link_tag 'application', media: 'all', 'data-turbolinks-track': 'reload' %>
    12: 
    13:     <%= javascript_pack_tag 'application', 'data-turbolinks-track': 'reload', defer: true %>
    14:   </head>
  
app/assets/stylesheets/application.scss:3
app/views/layouts/application.html.erb:11
Started GET "/" for ::1 at 2021-03-30 16:13:34 -0300
Processing by PagesController#home as HTML
  Rendering pages/home.html.erb within layouts/application
  Rendered pages/home.html.erb within layouts/application (Duration: 0.0ms | Allocations: 5)
Completed 500 Internal Server Error in 63ms (ActiveRecord: 0.0ms | Allocations: 6202)


  
ActionView::Template::Error (Error: File to import not found or unreadable: components/index.
        on line 7:1 of app/assets/stylesheets/application.scss
>> @import "components/index";

   ^
):
     8:     <meta charset="UTF-8">
     9:     <link rel="stylesheet" href="styles.css">
    10:     <meta name="viewport" content="width=device-width, initial-scale=1, shrink-to-fit=no">
    11:     <%= stylesheet_link_tag 'application', media: 'all', 'data-turbolinks-track': 'reload' %>
    12: 
    13:     <%= javascript_pack_tag 'application', 'data-turbolinks-track': 'reload', defer: true %>
    14:   </head>
  
app/assets/stylesheets/application.scss:7
app/views/layouts/application.html.erb:11
Started GET "/" for ::1 at 2021-03-30 16:13:41 -0300
Processing by PagesController#home as HTML
  Rendering pages/home.html.erb within layouts/application
  Rendered pages/home.html.erb within layouts/application (Duration: 0.1ms | Allocations: 5)
Completed 500 Internal Server Error in 69ms (ActiveRecord: 0.0ms | Allocations: 6189)


  
ActionView::Template::Error (Error: File to import not found or unreadable: components/index.
        on line 7:1 of app/assets/stylesheets/application.scss
>> @import "components/index";

   ^
):
     8:     <meta charset="UTF-8">
     9:     <link rel="stylesheet" href="styles.css">
    10:     <meta name="viewport" content="width=device-width, initial-scale=1, shrink-to-fit=no">
    11:     <%= stylesheet_link_tag 'application', media: 'all', 'data-turbolinks-track': 'reload' %>
    12: 
    13:     <%= javascript_pack_tag 'application', 'data-turbolinks-track': 'reload', defer: true %>
    14:   </head>
  
app/assets/stylesheets/application.scss:7
app/views/layouts/application.html.erb:11
Started GET "/" for ::1 at 2021-03-30 16:13:48 -0300
Processing by PagesController#home as HTML
  Rendering pages/home.html.erb within layouts/application
  Rendered pages/home.html.erb within layouts/application (Duration: 0.0ms | Allocations: 4)
Completed 500 Internal Server Error in 45ms (ActiveRecord: 0.0ms | Allocations: 6185)


  
ActionView::Template::Error (Error: File to import not found or unreadable: pages/index.
        on line 7:1 of app/assets/stylesheets/application.scss
>> @import "pages/index";

   ^
):
     8:     <meta charset="UTF-8">
     9:     <link rel="stylesheet" href="styles.css">
    10:     <meta name="viewport" content="width=device-width, initial-scale=1, shrink-to-fit=no">
    11:     <%= stylesheet_link_tag 'application', media: 'all', 'data-turbolinks-track': 'reload' %>
    12: 
    13:     <%= javascript_pack_tag 'application', 'data-turbolinks-track': 'reload', defer: true %>
    14:   </head>
  
app/assets/stylesheets/application.scss:7
app/views/layouts/application.html.erb:11
Started GET "/" for ::1 at 2021-03-30 16:13:57 -0300
Processing by PagesController#home as HTML
  Rendering pages/home.html.erb within layouts/application
  Rendered pages/home.html.erb within layouts/application (Duration: 0.0ms | Allocations: 5)
[Webpacker] Compiling...
[Webpacker] Compiled all packs in /Users/micaelajenik/code/micaelajenik/Micalexia/public/packs
[Webpacker] Hash: ef1911543f48dc2d035f
Version: webpack 4.46.0
Time: 1278ms
Built at: 03/30/2021 4:14:02 PM
                                     Asset       Size       Chunks                         Chunk Names
    js/application-079ae22a84f4ef8835b9.js    389 KiB  application  [emitted] [immutable]  application
js/application-079ae22a84f4ef8835b9.js.map    486 KiB  application  [emitted] [dev]        application
                             manifest.json  364 bytes               [emitted]              
Entrypoint application = js/application-079ae22a84f4ef8835b9.js js/application-079ae22a84f4ef8835b9.js.map
[./app/javascript/channels sync recursive _channel\.js$] ./app/javascript/channels sync _channel\.js$ 160 bytes {application} [built]
[./app/javascript/channels/index.js] 211 bytes {application} [built]
[./app/javascript/packs/application.js] 1.14 KiB {application} [built]
    + 4 hidden modules

Completed 200 OK in 5202ms (Views: 5201.8ms | ActiveRecord: 0.0ms | Allocations: 77846)


Started GET "/" for ::1 at 2021-03-30 16:15:42 -0300
Processing by PagesController#home as HTML
  Rendering pages/home.html.erb within layouts/application
  Rendered pages/home.html.erb within layouts/application (Duration: 0.3ms | Allocations: 99)
[Webpacker] Everything's up-to-date. Nothing to do
Completed 200 OK in 11ms (Views: 10.4ms | ActiveRecord: 0.0ms | Allocations: 6901)


Started GET "/" for ::1 at 2021-03-30 16:15:54 -0300
Processing by PagesController#home as HTML
  Rendering pages/home.html.erb within layouts/application
  Rendered pages/home.html.erb within layouts/application (Duration: 0.1ms | Allocations: 4)
[Webpacker] Everything's up-to-date. Nothing to do
Completed 200 OK in 12ms (Views: 11.3ms | ActiveRecord: 0.0ms | Allocations: 5878)


Started GET "/" for ::1 at 2021-03-30 16:17:28 -0300
Processing by PagesController#home as HTML
  Rendering pages/home.html.erb within layouts/application
  Rendered pages/home.html.erb within layouts/application (Duration: 0.1ms | Allocations: 4)
[Webpacker] Everything's up-to-date. Nothing to do
Completed 200 OK in 20ms (Views: 18.9ms | ActiveRecord: 0.0ms | Allocations: 5871)


Started GET "/" for ::1 at 2021-03-30 16:17:29 -0300
Processing by PagesController#home as HTML
  Rendering pages/home.html.erb within layouts/application
  Rendered pages/home.html.erb within layouts/application (Duration: 0.0ms | Allocations: 4)
[Webpacker] Everything's up-to-date. Nothing to do
Completed 200 OK in 9ms (Views: 8.7ms | ActiveRecord: 0.0ms | Allocations: 5874)


Started GET "/" for ::1 at 2021-03-30 16:23:30 -0300
Processing by PagesController#home as HTML
  Rendering pages/home.html.erb within layouts/application
  Rendered pages/home.html.erb within layouts/application (Duration: 0.7ms | Allocations: 93)
[Webpacker] Everything's up-to-date. Nothing to do
Completed 200 OK in 74ms (Views: 73.5ms | ActiveRecord: 0.0ms | Allocations: 31434)


Started GET "/" for ::1 at 2021-03-30 16:23:53 -0300
Processing by PagesController#home as HTML
  Rendering pages/home.html.erb within layouts/application
  Rendered pages/home.html.erb within layouts/application (Duration: 0.1ms | Allocations: 4)
[Webpacker] Everything's up-to-date. Nothing to do
Completed 200 OK in 21ms (Views: 19.9ms | ActiveRecord: 0.0ms | Allocations: 6361)


Started GET "/" for ::1 at 2021-03-30 16:25:54 -0300
Processing by PagesController#home as HTML
  Rendering pages/home.html.erb within layouts/application
  Rendered pages/home.html.erb within layouts/application (Duration: 0.0ms | Allocations: 4)
[Webpacker] Everything's up-to-date. Nothing to do
Completed 200 OK in 19ms (Views: 18.5ms | ActiveRecord: 0.0ms | Allocations: 6327)


Started GET "/" for ::1 at 2021-03-30 16:26:07 -0300
Processing by PagesController#home as HTML
  Rendering pages/home.html.erb within layouts/application
  Rendered pages/home.html.erb within layouts/application (Duration: 0.0ms | Allocations: 4)
[Webpacker] Everything's up-to-date. Nothing to do
Completed 200 OK in 13ms (Views: 12.0ms | ActiveRecord: 0.0ms | Allocations: 6358)


Started GET "/" for ::1 at 2021-03-30 16:26:11 -0300
Processing by PagesController#home as HTML
  Rendering pages/home.html.erb within layouts/application
  Rendered pages/home.html.erb within layouts/application (Duration: 0.0ms | Allocations: 4)
[Webpacker] Everything's up-to-date. Nothing to do
Completed 200 OK in 12ms (Views: 11.6ms | ActiveRecord: 0.0ms | Allocations: 6362)


Started GET "/" for ::1 at 2021-03-30 16:27:08 -0300
Processing by PagesController#home as HTML
  Rendering pages/home.html.erb within layouts/application
  Rendered pages/home.html.erb within layouts/application (Duration: 373.5ms | Allocations: 160593)
Completed 500 Internal Server Error in 379ms (ActiveRecord: 0.0ms | Allocations: 161866)


  
ActionView::Template::Error (undefined local variable or method `favicon' for #<#<Class:0x00007fc0e949e510>:0x00007fc0e950ff58>):
    11:     <li>2016</li>
    12:   </ol>
    13: 
    14:   <%= link_to url(favicon.jpg) %>
    15: 
    16: </div>
  
app/views/pages/home.html.erb:14
Started GET "/" for ::1 at 2021-03-30 16:32:27 -0300
Processing by PagesController#home as HTML
  Rendering pages/home.html.erb within layouts/application
  Rendered pages/home.html.erb within layouts/application (Duration: 619.5ms | Allocations: 160554)
Completed 500 Internal Server Error in 624ms (ActiveRecord: 0.0ms | Allocations: 161882)


  
ActionView::Template::Error (undefined local variable or method `favicon' for #<#<Class:0x00007fc0edae4060>:0x00007fc0edaee7e0>):
    11:     <li>2016</li>
    12:   </ol>
    13: 
    14:   <%= link_to image_tag(favicon.jpg) %>
    15: 
    16: </div>
  
app/views/pages/home.html.erb:14
Started GET "/" for ::1 at 2021-03-30 16:33:15 -0300
Processing by PagesController#home as HTML
  Rendering pages/home.html.erb within layouts/application
  Rendered pages/home.html.erb within layouts/application (Duration: 3.8ms | Allocations: 1050)
[Webpacker] Everything's up-to-date. Nothing to do
Completed 200 OK in 27ms (Views: 25.8ms | ActiveRecord: 0.0ms | Allocations: 8092)


Started GET "/" for ::1 at 2021-03-30 16:33:26 -0300
Processing by PagesController#home as HTML
  Rendering pages/home.html.erb within layouts/application
  Rendered pages/home.html.erb within layouts/application (Duration: 1.8ms | Allocations: 746)
[Webpacker] Everything's up-to-date. Nothing to do
Completed 200 OK in 17ms (Views: 15.5ms | ActiveRecord: 0.0ms | Allocations: 7783)


Started GET "/" for ::1 at 2021-03-30 16:34:05 -0300
Processing by PagesController#home as HTML
  Rendering pages/home.html.erb within layouts/application
  Rendered pages/home.html.erb within layouts/application (Duration: 1.4ms | Allocations: 747)
[Webpacker] Everything's up-to-date. Nothing to do
Completed 200 OK in 12ms (Views: 11.3ms | ActiveRecord: 0.0ms | Allocations: 7780)


Started GET "/favicon.jpg" for ::1 at 2021-03-30 16:34:05 -0300
  
ActionController::RoutingError (No route matches [GET] "/favicon.jpg"):
  
actionpack (6.0.3.6) lib/action_dispatch/middleware/debug_exceptions.rb:36:in `call'
web-console (4.1.0) lib/web_console/middleware.rb:132:in `call_app'
web-console (4.1.0) lib/web_console/middleware.rb:28:in `block in call'
web-console (4.1.0) lib/web_console/middleware.rb:17:in `catch'
web-console (4.1.0) lib/web_console/middleware.rb:17:in `call'
actionpack (6.0.3.6) lib/action_dispatch/middleware/show_exceptions.rb:33:in `call'
railties (6.0.3.6) lib/rails/rack/logger.rb:37:in `call_app'
railties (6.0.3.6) lib/rails/rack/logger.rb:26:in `block in call'
activesupport (6.0.3.6) lib/active_support/tagged_logging.rb:80:in `block in tagged'
activesupport (6.0.3.6) lib/active_support/tagged_logging.rb:28:in `tagged'
activesupport (6.0.3.6) lib/active_support/tagged_logging.rb:80:in `tagged'
railties (6.0.3.6) lib/rails/rack/logger.rb:26:in `call'
sprockets-rails (3.2.2) lib/sprockets/rails/quiet_assets.rb:13:in `call'
actionpack (6.0.3.6) lib/action_dispatch/middleware/remote_ip.rb:81:in `call'
actionpack (6.0.3.6) lib/action_dispatch/middleware/request_id.rb:27:in `call'
rack (2.2.3) lib/rack/method_override.rb:24:in `call'
rack (2.2.3) lib/rack/runtime.rb:22:in `call'
activesupport (6.0.3.6) lib/active_support/cache/strategy/local_cache_middleware.rb:29:in `call'
actionpack (6.0.3.6) lib/action_dispatch/middleware/executor.rb:14:in `call'
actionpack (6.0.3.6) lib/action_dispatch/middleware/static.rb:126:in `call'
rack (2.2.3) lib/rack/sendfile.rb:110:in `call'
actionpack (6.0.3.6) lib/action_dispatch/middleware/host_authorization.rb:82:in `call'
webpacker (4.3.0) lib/webpacker/dev_server_proxy.rb:23:in `perform_request'
rack-proxy (0.6.5) lib/rack/proxy.rb:57:in `call'
railties (6.0.3.6) lib/rails/engine.rb:527:in `call'
puma (4.3.7) lib/puma/configuration.rb:228:in `call'
puma (4.3.7) lib/puma/server.rb:713:in `handle_request'
puma (4.3.7) lib/puma/server.rb:472:in `process_client'
puma (4.3.7) lib/puma/server.rb:328:in `block in run'
puma (4.3.7) lib/puma/thread_pool.rb:134:in `block in spawn_thread'
Started GET "/" for ::1 at 2021-03-30 16:34:24 -0300
Processing by PagesController#home as HTML
  Rendering pages/home.html.erb within layouts/application
  Rendered pages/home.html.erb within layouts/application (Duration: 2.1ms | Allocations: 745)
[Webpacker] Everything's up-to-date. Nothing to do
Completed 200 OK in 18ms (Views: 16.3ms | ActiveRecord: 0.0ms | Allocations: 7769)


Started GET "/favicon.jpg" for ::1 at 2021-03-30 16:34:24 -0300
  
ActionController::RoutingError (No route matches [GET] "/favicon.jpg"):
  
actionpack (6.0.3.6) lib/action_dispatch/middleware/debug_exceptions.rb:36:in `call'
web-console (4.1.0) lib/web_console/middleware.rb:132:in `call_app'
web-console (4.1.0) lib/web_console/middleware.rb:28:in `block in call'
web-console (4.1.0) lib/web_console/middleware.rb:17:in `catch'
web-console (4.1.0) lib/web_console/middleware.rb:17:in `call'
actionpack (6.0.3.6) lib/action_dispatch/middleware/show_exceptions.rb:33:in `call'
railties (6.0.3.6) lib/rails/rack/logger.rb:37:in `call_app'
railties (6.0.3.6) lib/rails/rack/logger.rb:26:in `block in call'
activesupport (6.0.3.6) lib/active_support/tagged_logging.rb:80:in `block in tagged'
activesupport (6.0.3.6) lib/active_support/tagged_logging.rb:28:in `tagged'
activesupport (6.0.3.6) lib/active_support/tagged_logging.rb:80:in `tagged'
railties (6.0.3.6) lib/rails/rack/logger.rb:26:in `call'
sprockets-rails (3.2.2) lib/sprockets/rails/quiet_assets.rb:13:in `call'
actionpack (6.0.3.6) lib/action_dispatch/middleware/remote_ip.rb:81:in `call'
actionpack (6.0.3.6) lib/action_dispatch/middleware/request_id.rb:27:in `call'
rack (2.2.3) lib/rack/method_override.rb:24:in `call'
rack (2.2.3) lib/rack/runtime.rb:22:in `call'
activesupport (6.0.3.6) lib/active_support/cache/strategy/local_cache_middleware.rb:29:in `call'
actionpack (6.0.3.6) lib/action_dispatch/middleware/executor.rb:14:in `call'
actionpack (6.0.3.6) lib/action_dispatch/middleware/static.rb:126:in `call'
rack (2.2.3) lib/rack/sendfile.rb:110:in `call'
actionpack (6.0.3.6) lib/action_dispatch/middleware/host_authorization.rb:82:in `call'
webpacker (4.3.0) lib/webpacker/dev_server_proxy.rb:23:in `perform_request'
rack-proxy (0.6.5) lib/rack/proxy.rb:57:in `call'
railties (6.0.3.6) lib/rails/engine.rb:527:in `call'
puma (4.3.7) lib/puma/configuration.rb:228:in `call'
puma (4.3.7) lib/puma/server.rb:713:in `handle_request'
puma (4.3.7) lib/puma/server.rb:472:in `process_client'
puma (4.3.7) lib/puma/server.rb:328:in `block in run'
puma (4.3.7) lib/puma/thread_pool.rb:134:in `block in spawn_thread'
Started GET "/" for ::1 at 2021-03-30 16:34:30 -0300
Processing by PagesController#home as HTML
  Rendering pages/home.html.erb within layouts/application
  Rendered pages/home.html.erb within layouts/application (Duration: 1.4ms | Allocations: 744)
[Webpacker] Everything's up-to-date. Nothing to do
Completed 200 OK in 15ms (Views: 13.3ms | ActiveRecord: 0.0ms | Allocations: 7765)


Started GET "/" for ::1 at 2021-04-08 00:24:01 -0300
Processing by PagesController#home as HTML
  Rendering pages/home.html.erb within layouts/application
  Rendered pages/home.html.erb within layouts/application (Duration: 31.8ms | Allocations: 752)
[Webpacker] Compiling...
[Webpacker] Compiled all packs in /Users/micaelajenik/code/micaelajenik/Micalexia/public/packs
[Webpacker] Hash: ef1911543f48dc2d035f
Version: webpack 4.46.0
Time: 1385ms
Built at: 04/08/2021 12:24:06 AM
                                     Asset       Size       Chunks                         Chunk Names
    js/application-079ae22a84f4ef8835b9.js    389 KiB  application  [emitted] [immutable]  application
js/application-079ae22a84f4ef8835b9.js.map    486 KiB  application  [emitted] [dev]        application
                             manifest.json  364 bytes               [emitted]              
Entrypoint application = js/application-079ae22a84f4ef8835b9.js js/application-079ae22a84f4ef8835b9.js.map
[./app/javascript/channels sync recursive _channel\.js$] ./app/javascript/channels sync _channel\.js$ 160 bytes {application} [built]
[./app/javascript/channels/index.js] 211 bytes {application} [built]
[./app/javascript/packs/application.js] 1.14 KiB {application} [built]
    + 4 hidden modules

Completed 200 OK in 5075ms (Views: 5059.3ms | ActiveRecord: 0.0ms | Allocations: 8769)


Started GET "/" for ::1 at 2021-04-08 00:27:54 -0300
Processing by PagesController#home as HTML
  Rendering pages/home.html.erb within layouts/application
  Rendered pages/home.html.erb within layouts/application (Duration: 131.3ms | Allocations: 25451)
[Webpacker] Everything's up-to-date. Nothing to do
Completed 200 OK in 158ms (Views: 150.9ms | ActiveRecord: 0.0ms | Allocations: 32361)


Started GET "/" for ::1 at 2021-04-08 00:31:04 -0300
Processing by PagesController#home as HTML
  Rendering pages/home.html.erb within layouts/application
  Rendered pages/home.html.erb within layouts/application (Duration: 3.1ms | Allocations: 745)
[Webpacker] Everything's up-to-date. Nothing to do
Completed 200 OK in 41ms (Views: 33.8ms | ActiveRecord: 0.0ms | Allocations: 7665)


Started GET "/" for ::1 at 2021-04-08 00:31:14 -0300
Processing by PagesController#home as HTML
  Rendering pages/home.html.erb within layouts/application
  Rendered pages/home.html.erb within layouts/application (Duration: 2.4ms | Allocations: 744)
[Webpacker] Everything's up-to-date. Nothing to do
Completed 200 OK in 39ms (Views: 33.9ms | ActiveRecord: 0.0ms | Allocations: 7654)


Started GET "/" for ::1 at 2021-04-08 00:31:28 -0300
Processing by PagesController#home as HTML
  Rendering pages/home.html.erb within layouts/application
  Rendered pages/home.html.erb within layouts/application (Duration: 1.4ms | Allocations: 94)
[Webpacker] Everything's up-to-date. Nothing to do
Completed 200 OK in 30ms (Views: 28.8ms | ActiveRecord: 0.0ms | Allocations: 7327)


Started GET "/" for ::1 at 2021-04-08 00:32:27 -0300
Processing by PagesController#home as HTML
  Rendering pages/home.html.erb within layouts/application
  Rendered pages/home.html.erb within layouts/application (Duration: 0.4ms | Allocations: 92)
[Webpacker] Everything's up-to-date. Nothing to do
Completed 200 OK in 25ms (Views: 23.8ms | ActiveRecord: 0.0ms | Allocations: 7301)


Started GET "/" for ::1 at 2021-04-08 00:32:57 -0300
Processing by PagesController#home as HTML
  Rendering pages/home.html.erb within layouts/application
  Rendered pages/home.html.erb within layouts/application (Duration: 3.1ms | Allocations: 91)
[Webpacker] Everything's up-to-date. Nothing to do
Completed 200 OK in 31ms (Views: 28.0ms | ActiveRecord: 0.0ms | Allocations: 7324)


Started GET "/" for ::1 at 2021-04-08 12:28:53 -0300
Processing by PagesController#home as HTML
  Rendering pages/home.html.erb within layouts/application
  Rendered pages/home.html.erb within layouts/application (Duration: 4.4ms | Allocations: 96)
[Webpacker] Everything's up-to-date. Nothing to do
Completed 200 OK in 49ms (Views: 40.1ms | ActiveRecord: 0.0ms | Allocations: 7330)


Started GET "/" for ::1 at 2021-04-10 14:38:51 -0300
Processing by PagesController#home as HTML
  Rendering pages/home.html.erb within layouts/application
  Rendered pages/home.html.erb within layouts/application (Duration: 1.9ms | Allocations: 214)
[Webpacker] Compiling...
[Webpacker] Compiled all packs in /Users/micaelajenik/code/micaelajenik/Micalexia/public/packs
[Webpacker] Hash: ef1911543f48dc2d035f
Version: webpack 4.46.0
Time: 1068ms
Built at: 04/10/2021 2:38:55 PM
                                     Asset       Size       Chunks                         Chunk Names
    js/application-079ae22a84f4ef8835b9.js    389 KiB  application  [emitted] [immutable]  application
js/application-079ae22a84f4ef8835b9.js.map    486 KiB  application  [emitted] [dev]        application
                             manifest.json  364 bytes               [emitted]              
Entrypoint application = js/application-079ae22a84f4ef8835b9.js js/application-079ae22a84f4ef8835b9.js.map
[./app/javascript/channels sync recursive _channel\.js$] ./app/javascript/channels sync _channel\.js$ 160 bytes {application} [built]
[./app/javascript/channels/index.js] 211 bytes {application} [built]
[./app/javascript/packs/application.js] 1.14 KiB {application} [built]
    + 4 hidden modules

Completed 200 OK in 3329ms (Views: 3321.9ms | ActiveRecord: 0.0ms | Allocations: 30985)


Started GET "/" for ::1 at 2021-04-10 14:39:10 -0300
Processing by PagesController#home as HTML
  Rendering pages/home.html.erb within layouts/application
  Rendered pages/home.html.erb within layouts/application (Duration: 0.7ms | Allocations: 96)
[Webpacker] Everything's up-to-date. Nothing to do
Completed 200 OK in 15ms (Views: 13.6ms | ActiveRecord: 0.0ms | Allocations: 7470)


  [1m[35m (9.9ms)[0m  [1m[34mSELECT pg_try_advisory_lock(2054292390599346030)[0m
  [1m[35m (1.6ms)[0m  [1m[34mSELECT "schema_migrations"."version" FROM "schema_migrations" ORDER BY "schema_migrations"."version" ASC[0m
Migrating to CreateArtworks (20210410174720)
  [1m[35m (0.1ms)[0m  [1m[35mBEGIN[0m
  [1m[35m (93.8ms)[0m  [1m[35mCREATE TABLE "artworks" ("id" bigserial primary key, "title" character varying, "year" integer, "height" integer, "width" integer, "depth" integer, "technique" character varying, "about" text, "description" text, "period" character varying, "created_at" timestamp(6) NOT NULL, "updated_at" timestamp(6) NOT NULL)[0m
  [1m[36mprimary::SchemaMigration Create (2.4ms)[0m  [1m[32mINSERT INTO "schema_migrations" ("version") VALUES ($1) RETURNING "version"[0m  [["version", "20210410174720"]]
  [1m[35m (3.8ms)[0m  [1m[35mCOMMIT[0m
  [1m[36mActiveRecord::InternalMetadata Load (12.8ms)[0m  [1m[34mSELECT "ar_internal_metadata".* FROM "ar_internal_metadata" WHERE "ar_internal_metadata"."key" = $1 LIMIT $2[0m  [["key", "environment"], ["LIMIT", 1]]
  [1m[35m (0.2ms)[0m  [1m[34mSELECT pg_advisory_unlock(2054292390599346030)[0m
  [1m[35m (1.6ms)[0m  [1m[34mSELECT "schema_migrations"."version" FROM "schema_migrations" ORDER BY "schema_migrations"."version" ASC[0m
  [1m[35m (0.4ms)[0m  [1m[34mSELECT "schema_migrations"."version" FROM "schema_migrations" ORDER BY "schema_migrations"."version" ASC[0m
Started GET "/" for ::1 at 2021-04-10 14:57:15 -0300
  [1m[35m (0.8ms)[0m  [1m[34mSELECT "schema_migrations"."version" FROM "schema_migrations" ORDER BY "schema_migrations"."version" ASC[0m
Processing by PagesController#home as HTML
  Rendering pages/home.html.erb within layouts/application
  Rendered pages/home.html.erb within layouts/application (Duration: 6.0ms | Allocations: 1652)
Completed 500 Internal Server Error in 11ms (ActiveRecord: 0.0ms | Allocations: 2931)


  
ActionView::Template::Error (undefined method `title' for nil:NilClass):
     8:     <li>MUESTRAS</li>
     9:   </ol>
    10: 
    11:   <%= @elnascimiento.title %>
    12: 
    13: 
    14: </div>
  
app/views/pages/home.html.erb:11
Started GET "/" for ::1 at 2021-04-10 15:00:08 -0300
Processing by PagesController#home as HTML
  Rendering pages/home.html.erb within layouts/application
  [1m[36mArtwork Load (0.7ms)[0m  [1m[34mSELECT "artworks".* FROM "artworks"[0m
  ↳ app/views/pages/home.html.erb:11
  Rendered pages/home.html.erb within layouts/application (Duration: 5.6ms | Allocations: 1689)
[Webpacker] Everything's up-to-date. Nothing to do
Completed 200 OK in 26ms (Views: 19.7ms | ActiveRecord: 2.6ms | Allocations: 10810)


Started GET "/" for ::1 at 2021-04-10 15:00:51 -0300
Processing by PagesController#home as HTML
  Rendering pages/home.html.erb within layouts/application
  [1m[36mArtwork Load (0.3ms)[0m  [1m[34mSELECT "artworks".* FROM "artworks"[0m
  ↳ app/views/pages/home.html.erb:11
  Rendered pages/home.html.erb within layouts/application (Duration: 1.7ms | Allocations: 808)
[Webpacker] Everything's up-to-date. Nothing to do
Completed 200 OK in 15ms (Views: 13.7ms | ActiveRecord: 0.3ms | Allocations: 8191)


Started GET "/" for ::1 at 2021-04-10 15:00:59 -0300
Processing by PagesController#home as HTML
  Rendering pages/home.html.erb within layouts/application
  [1m[36mArtwork Load (0.4ms)[0m  [1m[34mSELECT "artworks".* FROM "artworks"[0m
  ↳ app/views/pages/home.html.erb:11
  Rendered pages/home.html.erb within layouts/application (Duration: 2.0ms | Allocations: 808)
[Webpacker] Everything's up-to-date. Nothing to do
Completed 200 OK in 15ms (Views: 13.1ms | ActiveRecord: 0.4ms | Allocations: 8182)


  [1m[35m (0.5ms)[0m  [1m[34mSELECT "schema_migrations"."version" FROM "schema_migrations" ORDER BY "schema_migrations"."version" ASC[0m
  [1m[36mArtwork Load (0.4ms)[0m  [1m[34mSELECT "artworks".* FROM "artworks"[0m
  [1m[35m (0.2ms)[0m  [1m[35mBEGIN[0m
  [1m[36mArtwork Create (2.1ms)[0m  [1m[32mINSERT INTO "artworks" ("title", "year", "height", "width", "depth", "technique", "about", "description", "period", "created_at", "updated_at") VALUES ($1, $2, $3, $4, $5, $6, $7, $8, $9, $10, $11) RETURNING "id"[0m  [["title", "El Nascimiento"], ["year", 1950], ["height", 10], ["width", 10], ["depth", 10], ["technique", "Tinta sobre papel"], ["about", "Pintado en Buenos Aires"], ["description", "Bajo la influencia de alucinógenos"], ["period", "Informalismo"], ["created_at", "2021-04-10 18:01:10.145839"], ["updated_at", "2021-04-10 18:01:10.145839"]]
  [1m[35m (0.6ms)[0m  [1m[35mCOMMIT[0m
Started GET "/" for ::1 at 2021-04-10 15:01:16 -0300
Processing by PagesController#home as HTML
  Rendering pages/home.html.erb within layouts/application
  [1m[36mArtwork Load (0.4ms)[0m  [1m[34mSELECT "artworks".* FROM "artworks"[0m
  ↳ app/views/pages/home.html.erb:11
  Rendered pages/home.html.erb within layouts/application (Duration: 335.7ms | Allocations: 169498)
Completed 500 Internal Server Error in 339ms (ActiveRecord: 2.7ms | Allocations: 170770)


  
ActionView::Template::Error (undefined local variable or method `artwork' for #<#<Class:0x00007f97257edee8>:0x00007f97257ec688>
Did you mean?  artowrk
               @artworks):
     9:   </ol>
    10: 
    11:   <%= @artworks.each do |artowrk| %>
    12:     <%= artwork.year %>
    13:   <% end %>
    14: 
    15: 
  
app/views/pages/home.html.erb:12
app/views/pages/home.html.erb:11
Started GET "/" for ::1 at 2021-04-10 15:01:30 -0300
Processing by PagesController#home as HTML
  Rendering pages/home.html.erb within layouts/application
  [1m[36mArtwork Load (0.5ms)[0m  [1m[34mSELECT "artworks".* FROM "artworks"[0m
  ↳ app/views/pages/home.html.erb:11
  Rendered pages/home.html.erb within layouts/application (Duration: 3.9ms | Allocations: 901)
[Webpacker] Everything's up-to-date. Nothing to do
Completed 200 OK in 23ms (Views: 21.5ms | ActiveRecord: 0.5ms | Allocations: 8286)


Started GET "/" for ::1 at 2021-04-10 15:01:37 -0300
Processing by PagesController#home as HTML
  Rendering pages/home.html.erb within layouts/application
  [1m[36mArtwork Load (0.3ms)[0m  [1m[34mSELECT "artworks".* FROM "artworks"[0m
  ↳ app/views/pages/home.html.erb:11
  Rendered pages/home.html.erb within layouts/application (Duration: 2.3ms | Allocations: 816)
[Webpacker] Everything's up-to-date. Nothing to do
Completed 200 OK in 18ms (Views: 16.3ms | ActiveRecord: 0.3ms | Allocations: 8190)


Started GET "/" for ::1 at 2021-04-10 15:08:12 -0300
Processing by PagesController#home as HTML
  Rendering pages/home.html.erb within layouts/application
  Rendered pages/home.html.erb within layouts/application (Duration: 0.6ms | Allocations: 993)
Completed 500 Internal Server Error in 3ms (ActiveRecord: 0.0ms | Allocations: 2258)


  
ActionView::SyntaxErrorInTemplate (Encountered a syntax error while rendering template: check <div class="text-gray-700">

  <h1 class="text-5xl">Alberto Greco</h1>

  <ol>
    <li>BIOGRAFIA</li>
    <li>
      <% link_to artworks_path  %>
        <p> OBRAS </p>
      <% end %>
    </li>
    <li>MUESTRAS</li>
  </ol>

</div>

):
1:    <div class="text-gray-700">
2:    
3:      <h1 class="text-5xl">Alberto Greco</h1>
4:    
5:      <ol>
6:        <li>BIOGRAFIA</li>
7:        <li>
8:          <% link_to artworks_path  %>
9:            <p> OBRAS </p>
10:          <% end %>
11:        </li>
12:        <li>MUESTRAS</li>
13:      </ol>
14:    
15:    </div>
  
app/views/pages/home.html.erb:18: syntax error, unexpected end, expecting end-of-input
app/views/pages/home.html.erb:18: syntax error, unexpected end, expecting end-of-input
app/views/pages/home.html.erb:18: syntax error, unexpected end, expecting end-of-input
app/views/pages/home.html.erb:18: syntax error, unexpected end, expecting end-of-input
app/views/pages/home.html.erb:18: syntax error, unexpected end, expecting end-of-input
app/views/pages/home.html.erb:18: syntax error, unexpected end, expecting end-of-input
Started GET "/" for ::1 at 2021-04-10 15:08:33 -0300
Processing by PagesController#home as HTML
  Rendering pages/home.html.erb within layouts/application
  Rendered pages/home.html.erb within layouts/application (Duration: 1.2ms | Allocations: 1035)
Completed 500 Internal Server Error in 5ms (ActiveRecord: 0.0ms | Allocations: 2294)


  
ActionView::SyntaxErrorInTemplate (Encountered a syntax error while rendering template: check <div class="text-gray-700">

  <h1 class="text-5xl">Alberto Greco</h1>

  <ol>
    <li>BIOGRAFIA</li>

      <% link_to artworks_path  %>
        <p> OBRAS </p>
      <% end %>

    <li>MUESTRAS</li>
  </ol>

</div>

):
1:    <div class="text-gray-700">
2:    
3:      <h1 class="text-5xl">Alberto Greco</h1>
4:    
5:      <ol>
6:        <li>BIOGRAFIA</li>
7:    
8:          <% link_to artworks_path  %>
9:            <p> OBRAS </p>
10:          <% end %>
11:    
12:        <li>MUESTRAS</li>
13:      </ol>
14:    
15:    </div>
  
app/views/pages/home.html.erb:18: syntax error, unexpected end, expecting end-of-input
app/views/pages/home.html.erb:18: syntax error, unexpected end, expecting end-of-input
app/views/pages/home.html.erb:18: syntax error, unexpected end, expecting end-of-input
app/views/pages/home.html.erb:18: syntax error, unexpected end, expecting end-of-input
app/views/pages/home.html.erb:18: syntax error, unexpected end, expecting end-of-input
app/views/pages/home.html.erb:18: syntax error, unexpected end, expecting end-of-input
Started GET "/" for ::1 at 2021-04-10 15:09:23 -0300
Processing by PagesController#home as HTML
  Rendering pages/home.html.erb within layouts/application
  Rendered pages/home.html.erb within layouts/application (Duration: 1.0ms | Allocations: 164)
[Webpacker] Everything's up-to-date. Nothing to do
Completed 200 OK in 21ms (Views: 17.7ms | ActiveRecord: 0.0ms | Allocations: 7520)


Started GET "/" for ::1 at 2021-04-10 15:09:32 -0300
Processing by PagesController#home as HTML
  Rendering pages/home.html.erb within layouts/application
  Rendered pages/home.html.erb within layouts/application (Duration: 0.5ms | Allocations: 150)
[Webpacker] Everything's up-to-date. Nothing to do
Completed 200 OK in 14ms (Views: 12.2ms | ActiveRecord: 0.0ms | Allocations: 7509)


Started GET "/OBRAS" for ::1 at 2021-04-10 15:09:34 -0300
  
ActionController::RoutingError (No route matches [GET] "/OBRAS"):
  
actionpack (6.0.3.6) lib/action_dispatch/middleware/debug_exceptions.rb:36:in `call'
web-console (4.1.0) lib/web_console/middleware.rb:132:in `call_app'
web-console (4.1.0) lib/web_console/middleware.rb:28:in `block in call'
web-console (4.1.0) lib/web_console/middleware.rb:17:in `catch'
web-console (4.1.0) lib/web_console/middleware.rb:17:in `call'
actionpack (6.0.3.6) lib/action_dispatch/middleware/show_exceptions.rb:33:in `call'
railties (6.0.3.6) lib/rails/rack/logger.rb:37:in `call_app'
railties (6.0.3.6) lib/rails/rack/logger.rb:26:in `block in call'
activesupport (6.0.3.6) lib/active_support/tagged_logging.rb:80:in `block in tagged'
activesupport (6.0.3.6) lib/active_support/tagged_logging.rb:28:in `tagged'
activesupport (6.0.3.6) lib/active_support/tagged_logging.rb:80:in `tagged'
railties (6.0.3.6) lib/rails/rack/logger.rb:26:in `call'
sprockets-rails (3.2.2) lib/sprockets/rails/quiet_assets.rb:13:in `call'
actionpack (6.0.3.6) lib/action_dispatch/middleware/remote_ip.rb:81:in `call'
actionpack (6.0.3.6) lib/action_dispatch/middleware/request_id.rb:27:in `call'
rack (2.2.3) lib/rack/method_override.rb:24:in `call'
rack (2.2.3) lib/rack/runtime.rb:22:in `call'
activesupport (6.0.3.6) lib/active_support/cache/strategy/local_cache_middleware.rb:29:in `call'
actionpack (6.0.3.6) lib/action_dispatch/middleware/executor.rb:14:in `call'
actionpack (6.0.3.6) lib/action_dispatch/middleware/static.rb:126:in `call'
rack (2.2.3) lib/rack/sendfile.rb:110:in `call'
actionpack (6.0.3.6) lib/action_dispatch/middleware/host_authorization.rb:82:in `call'
webpacker (4.3.0) lib/webpacker/dev_server_proxy.rb:23:in `perform_request'
rack-proxy (0.6.5) lib/rack/proxy.rb:57:in `call'
railties (6.0.3.6) lib/rails/engine.rb:527:in `call'
puma (4.3.7) lib/puma/configuration.rb:228:in `call'
puma (4.3.7) lib/puma/server.rb:713:in `handle_request'
puma (4.3.7) lib/puma/server.rb:472:in `process_client'
puma (4.3.7) lib/puma/server.rb:328:in `block in run'
puma (4.3.7) lib/puma/thread_pool.rb:134:in `block in spawn_thread'
Started GET "/OBRAS" for ::1 at 2021-04-10 15:10:25 -0300
  
ActionController::RoutingError (No route matches [GET] "/OBRAS"):
  
actionpack (6.0.3.6) lib/action_dispatch/middleware/debug_exceptions.rb:36:in `call'
web-console (4.1.0) lib/web_console/middleware.rb:132:in `call_app'
web-console (4.1.0) lib/web_console/middleware.rb:28:in `block in call'
web-console (4.1.0) lib/web_console/middleware.rb:17:in `catch'
web-console (4.1.0) lib/web_console/middleware.rb:17:in `call'
actionpack (6.0.3.6) lib/action_dispatch/middleware/show_exceptions.rb:33:in `call'
railties (6.0.3.6) lib/rails/rack/logger.rb:37:in `call_app'
railties (6.0.3.6) lib/rails/rack/logger.rb:26:in `block in call'
activesupport (6.0.3.6) lib/active_support/tagged_logging.rb:80:in `block in tagged'
activesupport (6.0.3.6) lib/active_support/tagged_logging.rb:28:in `tagged'
activesupport (6.0.3.6) lib/active_support/tagged_logging.rb:80:in `tagged'
railties (6.0.3.6) lib/rails/rack/logger.rb:26:in `call'
sprockets-rails (3.2.2) lib/sprockets/rails/quiet_assets.rb:13:in `call'
actionpack (6.0.3.6) lib/action_dispatch/middleware/remote_ip.rb:81:in `call'
actionpack (6.0.3.6) lib/action_dispatch/middleware/request_id.rb:27:in `call'
rack (2.2.3) lib/rack/method_override.rb:24:in `call'
rack (2.2.3) lib/rack/runtime.rb:22:in `call'
activesupport (6.0.3.6) lib/active_support/cache/strategy/local_cache_middleware.rb:29:in `call'
actionpack (6.0.3.6) lib/action_dispatch/middleware/executor.rb:14:in `call'
actionpack (6.0.3.6) lib/action_dispatch/middleware/static.rb:126:in `call'
rack (2.2.3) lib/rack/sendfile.rb:110:in `call'
actionpack (6.0.3.6) lib/action_dispatch/middleware/host_authorization.rb:82:in `call'
webpacker (4.3.0) lib/webpacker/dev_server_proxy.rb:23:in `perform_request'
rack-proxy (0.6.5) lib/rack/proxy.rb:57:in `call'
railties (6.0.3.6) lib/rails/engine.rb:527:in `call'
puma (4.3.7) lib/puma/configuration.rb:228:in `call'
puma (4.3.7) lib/puma/server.rb:713:in `handle_request'
puma (4.3.7) lib/puma/server.rb:472:in `process_client'
puma (4.3.7) lib/puma/server.rb:328:in `block in run'
puma (4.3.7) lib/puma/thread_pool.rb:134:in `block in spawn_thread'
Started GET "/" for ::1 at 2021-04-10 15:10:29 -0300
Processing by PagesController#home as HTML
  Rendering pages/home.html.erb within layouts/application
  Rendered pages/home.html.erb within layouts/application (Duration: 1.0ms | Allocations: 607)
[Webpacker] Everything's up-to-date. Nothing to do
Completed 200 OK in 13ms (Views: 12.1ms | ActiveRecord: 0.0ms | Allocations: 7969)


Started GET "/" for ::1 at 2021-04-10 15:10:31 -0300
Processing by PagesController#home as HTML
  Rendering pages/home.html.erb within layouts/application
  Rendered pages/home.html.erb within layouts/application (Duration: 0.4ms | Allocations: 125)
[Webpacker] Everything's up-to-date. Nothing to do
Completed 200 OK in 12ms (Views: 11.5ms | ActiveRecord: 0.0ms | Allocations: 6538)


Started GET "/" for ::1 at 2021-04-10 15:10:32 -0300
Processing by PagesController#home as HTML
  Rendering pages/home.html.erb within layouts/application
  Rendered pages/home.html.erb within layouts/application (Duration: 0.2ms | Allocations: 117)
[Webpacker] Everything's up-to-date. Nothing to do
Completed 200 OK in 11ms (Views: 10.9ms | ActiveRecord: 0.0ms | Allocations: 6533)


Started GET "/" for ::1 at 2021-04-10 15:10:33 -0300
Processing by PagesController#home as HTML
  Rendering pages/home.html.erb within layouts/application
  Rendered pages/home.html.erb within layouts/application (Duration: 0.3ms | Allocations: 117)
[Webpacker] Everything's up-to-date. Nothing to do
Completed 200 OK in 12ms (Views: 11.4ms | ActiveRecord: 0.0ms | Allocations: 6535)


Started GET "/" for ::1 at 2021-04-10 15:17:34 -0300
Processing by PagesController#home as HTML
  Rendering pages/home.html.erb within layouts/application
  Rendered pages/home.html.erb within layouts/application (Duration: 0.5ms | Allocations: 149)
[Webpacker] Everything's up-to-date. Nothing to do
Completed 200 OK in 20ms (Views: 18.7ms | ActiveRecord: 0.0ms | Allocations: 7485)


Started GET "/artworks" for ::1 at 2021-04-10 15:17:35 -0300
Processing by ArtworksController#index as HTML
  Rendering artworks/index.html.erb within layouts/application
  Rendered artworks/index.html.erb within layouts/application (Duration: 1.3ms | Allocations: 1357)
Completed 500 Internal Server Error in 3ms (ActiveRecord: 0.0ms | Allocations: 2467)


  
ActionView::Template::Error (undefined method `each' for nil:NilClass):
    2: 
    3:   <h1 class="text-5xl">Alberto Greco</h1>
    4: 
    5:   <% @artworks.each do |artwork| %>
    6:     <%= artwork.year %>
    7:   <% end %>
    8: 
  
app/views/artworks/index.html.erb:5
Started GET "/artworks" for ::1 at 2021-04-10 15:17:55 -0300
Processing by ArtworksController#index as HTML
  Rendering artworks/index.html.erb within layouts/application
  Rendered artworks/index.html.erb within layouts/application (Duration: 1.7ms | Allocations: 1041)
Completed 500 Internal Server Error in 10ms (ActiveRecord: 0.0ms | Allocations: 2318)


  
ActionView::SyntaxErrorInTemplate (Encountered a syntax error while rendering template: check <div class="text-gray-700">

  <h1 class="text-5xl">Alberto Greco</h1>

  <% @artworks do |artwork| %>
    <%= artwork.year %>
  <% end %>

</div>



):
1:    <div class="text-gray-700">
2:    
3:      <h1 class="text-5xl">Alberto Greco</h1>
4:    
5:      <% @artworks do |artwork| %>
6:        <%= artwork.year %>
7:      <% end %>
8:    
9:    </div>
  
app/views/artworks/index.html.erb:5: syntax error, unexpected do, expecting end
app/views/artworks/index.html.erb:14: syntax error, unexpected end, expecting end-of-input
app/views/artworks/index.html.erb:5: syntax error, unexpected do, expecting end
app/views/artworks/index.html.erb:14: syntax error, unexpected end, expecting end-of-input
app/views/artworks/index.html.erb:5: syntax error, unexpected do, expecting end
app/views/artworks/index.html.erb:14: syntax error, unexpected end, expecting end-of-input
app/views/artworks/index.html.erb:5: syntax error, unexpected do, expecting end
app/views/artworks/index.html.erb:14: syntax error, unexpected end, expecting end-of-input
app/views/artworks/index.html.erb:5: syntax error, unexpected do, expecting end
app/views/artworks/index.html.erb:14: syntax error, unexpected end, expecting end-of-input
app/views/artworks/index.html.erb:5: syntax error, unexpected do, expecting end
app/views/artworks/index.html.erb:14: syntax error, unexpected end, expecting end-of-input
Started GET "/artworks" for ::1 at 2021-04-10 15:18:00 -0300
Processing by ArtworksController#index as HTML
  Rendering artworks/index.html.erb within layouts/application
  Rendered artworks/index.html.erb within layouts/application (Duration: 2.4ms | Allocations: 1400)
Completed 500 Internal Server Error in 7ms (ActiveRecord: 0.0ms | Allocations: 2676)


  
ActionView::Template::Error (undefined method `each' for nil:NilClass):
    2: 
    3:   <h1 class="text-5xl">Alberto Greco</h1>
    4: 
    5:   <% @artworks.each do |artwork| %>
    6:     <%= artwork.year %>
    7:   <% end %>
    8: 
  
app/views/artworks/index.html.erb:5
Started GET "/artworks" for ::1 at 2021-04-10 15:19:11 -0300
Processing by ArtworksController#index as HTML
  Rendering artworks/index.html.erb within layouts/application
  [1m[36mArtwork Load (1.5ms)[0m  [1m[34mSELECT "artworks".* FROM "artworks"[0m
  ↳ app/views/artworks/index.html.erb:5
  Rendered artworks/index.html.erb within layouts/application (Duration: 36.8ms | Allocations: 8792)
[Webpacker] Everything's up-to-date. Nothing to do
Completed 200 OK in 64ms (Views: 34.7ms | ActiveRecord: 22.7ms | Allocations: 17078)


Started GET "/" for ::1 at 2021-04-10 15:19:35 -0300
Processing by PagesController#home as HTML
  Rendering pages/home.html.erb within layouts/application
  Rendered pages/home.html.erb within layouts/application (Duration: 0.9ms | Allocations: 149)
[Webpacker] Everything's up-to-date. Nothing to do
Completed 200 OK in 32ms (Views: 29.1ms | ActiveRecord: 0.0ms | Allocations: 7102)


Started GET "/" for ::1 at 2021-04-10 15:19:45 -0300
Processing by PagesController#home as HTML
  Rendering pages/home.html.erb within layouts/application
  Rendered pages/home.html.erb within layouts/application (Duration: 0.5ms | Allocations: 148)
[Webpacker] Everything's up-to-date. Nothing to do
Completed 200 OK in 15ms (Views: 14.2ms | ActiveRecord: 0.0ms | Allocations: 7495)


Started GET "/artworks" for ::1 at 2021-04-10 15:20:01 -0300
Processing by ArtworksController#index as HTML
  Rendering artworks/index.html.erb within layouts/application
  [1m[36mArtwork Load (0.5ms)[0m  [1m[34mSELECT "artworks".* FROM "artworks"[0m
  ↳ app/views/artworks/index.html.erb:5
  Rendered artworks/index.html.erb within layouts/application (Duration: 4.4ms | Allocations: 810)
[Webpacker] Everything's up-to-date. Nothing to do
Completed 200 OK in 18ms (Views: 16.3ms | ActiveRecord: 0.5ms | Allocations: 7823)


Started GET "/artworks" for ::1 at 2021-04-10 15:20:44 -0300
Processing by ArtworksController#index as HTML
  Rendering artworks/index.html.erb within layouts/application
  Rendered artworks/index.html.erb within layouts/application (Duration: 0.6ms | Allocations: 1078)
Completed 500 Internal Server Error in 4ms (ActiveRecord: 0.0ms | Allocations: 2358)


  
ActionView::SyntaxErrorInTemplate (Encountered a syntax error while rendering template: check <div class="text-gray-700">

  <% link_to home_path %>
    <h1 class="text-5xl">Alberto Greco</h1>
  <% end %>

  <% @artworks.each do |artwork| %>
    <%= artwork.year %>
  <% end %>

</div>



):
1:    <div class="text-gray-700">
2:    
3:      <% link_to home_path %>
4:        <h1 class="text-5xl">Alberto Greco</h1>
5:      <% end %>
6:    
7:      <% @artworks.each do |artwork| %>
8:        <%= artwork.year %>
9:      <% end %>
10:    
11:    </div>
  
app/views/artworks/index.html.erb:16: syntax error, unexpected end, expecting end-of-input
app/views/artworks/index.html.erb:16: syntax error, unexpected end, expecting end-of-input
app/views/artworks/index.html.erb:16: syntax error, unexpected end, expecting end-of-input
app/views/artworks/index.html.erb:16: syntax error, unexpected end, expecting end-of-input
app/views/artworks/index.html.erb:16: syntax error, unexpected end, expecting end-of-input
app/views/artworks/index.html.erb:16: syntax error, unexpected end, expecting end-of-input
Started GET "/artworks" for ::1 at 2021-04-10 15:21:19 -0300
Processing by ArtworksController#index as HTML
  Rendering artworks/index.html.erb within layouts/application
  [1m[36mArtwork Load (0.2ms)[0m  [1m[34mSELECT "artworks".* FROM "artworks" LIMIT $1[0m  [["LIMIT", 11]]
  [1m[36mCACHE Artwork Load (0.0ms)[0m  [1m[34mSELECT "artworks".* FROM "artworks" LIMIT $1[0m  [["LIMIT", 11]]
  [1m[36mCACHE Artwork Load (0.0ms)[0m  [1m[34mSELECT "artworks".* FROM "artworks" LIMIT $1[0m  [["LIMIT", 11]]
  [1m[36mCACHE Artwork Load (0.0ms)[0m  [1m[34mSELECT "artworks".* FROM "artworks" LIMIT $1[0m  [["LIMIT", 11]]
  [1m[36mCACHE Artwork Load (0.0ms)[0m  [1m[34mSELECT "artworks".* FROM "artworks" LIMIT $1[0m  [["LIMIT", 11]]
  [1m[36mCACHE Artwork Load (0.0ms)[0m  [1m[34mSELECT "artworks".* FROM "artworks" LIMIT $1[0m  [["LIMIT", 11]]
  [1m[36mCACHE Artwork Load (0.0ms)[0m  [1m[34mSELECT "artworks".* FROM "artworks" LIMIT $1[0m  [["LIMIT", 11]]
  [1m[36mCACHE Artwork Load (0.0ms)[0m  [1m[34mSELECT "artworks".* FROM "artworks" LIMIT $1[0m  [["LIMIT", 11]]
  Rendered artworks/index.html.erb within layouts/application (Duration: 585.1ms | Allocations: 173511)
Completed 500 Internal Server Error in 590ms (ActiveRecord: 0.6ms | Allocations: 174794)


  
ActionView::Template::Error (undefined local variable or method `home_path' for #<#<Class:0x00007f973107e4a8>:0x00007f973107ca90>):
    1: <div class="text-gray-700">
    2: 
    3:   <% link_to home_path do %>
    4:     <h1 class="text-5xl">Alberto Greco</h1>
    5:   <% end %>
    6: 
  
app/views/artworks/index.html.erb:3
Started GET "/artworks" for ::1 at 2021-04-10 15:21:33 -0300
Processing by ArtworksController#index as HTML
  Rendering artworks/index.html.erb within layouts/application
  [1m[36mArtwork Load (0.3ms)[0m  [1m[34mSELECT "artworks".* FROM "artworks"[0m
  ↳ app/views/artworks/index.html.erb:7
  Rendered artworks/index.html.erb within layouts/application (Duration: 1.8ms | Allocations: 894)
[Webpacker] Everything's up-to-date. Nothing to do
Completed 200 OK in 25ms (Views: 23.8ms | ActiveRecord: 0.3ms | Allocations: 8274)


Started GET "/artworks" for ::1 at 2021-04-10 15:21:40 -0300
Processing by ArtworksController#index as HTML
  Rendering artworks/index.html.erb within layouts/application
  [1m[36mArtwork Load (0.5ms)[0m  [1m[34mSELECT "artworks".* FROM "artworks"[0m
  ↳ app/views/artworks/index.html.erb:7
  Rendered artworks/index.html.erb within layouts/application (Duration: 3.0ms | Allocations: 895)
[Webpacker] Everything's up-to-date. Nothing to do
Completed 200 OK in 18ms (Views: 15.9ms | ActiveRecord: 0.5ms | Allocations: 8267)


Started GET "/" for ::1 at 2021-04-10 15:21:41 -0300
Processing by PagesController#home as HTML
  Rendering pages/home.html.erb within layouts/application
  Rendered pages/home.html.erb within layouts/application (Duration: 1.0ms | Allocations: 148)
[Webpacker] Everything's up-to-date. Nothing to do
Completed 200 OK in 15ms (Views: 13.6ms | ActiveRecord: 0.0ms | Allocations: 7135)


Started GET "/artworks" for ::1 at 2021-04-10 15:22:37 -0300
Processing by ArtworksController#index as HTML
  Rendering artworks/index.html.erb within layouts/application
  [1m[36mArtwork Load (0.3ms)[0m  [1m[34mSELECT "artworks".* FROM "artworks"[0m
  ↳ app/views/artworks/index.html.erb:7
  Rendered artworks/index.html.erb within layouts/application (Duration: 1.5ms | Allocations: 713)
[Webpacker] Everything's up-to-date. Nothing to do
Completed 200 OK in 20ms (Views: 19.2ms | ActiveRecord: 0.3ms | Allocations: 7155)


Started GET "/artworks" for ::1 at 2021-04-10 15:23:34 -0300
Processing by ArtworksController#index as HTML
  Rendering artworks/index.html.erb within layouts/application
  [1m[36mArtwork Load (0.3ms)[0m  [1m[34mSELECT "artworks".* FROM "artworks"[0m
  ↳ app/views/artworks/index.html.erb:7
  Rendered artworks/index.html.erb within layouts/application (Duration: 2.5ms | Allocations: 986)
[Webpacker] Everything's up-to-date. Nothing to do
Completed 200 OK in 21ms (Views: 19.1ms | ActiveRecord: 0.3ms | Allocations: 8362)


Started GET "/artworks" for ::1 at 2021-04-10 15:23:50 -0300
Processing by ArtworksController#index as HTML
  Rendering artworks/index.html.erb within layouts/application
  [1m[36mArtwork Load (0.3ms)[0m  [1m[34mSELECT "artworks".* FROM "artworks"[0m
  ↳ app/views/artworks/index.html.erb:7
  Rendered artworks/index.html.erb within layouts/application (Duration: 2.1ms | Allocations: 977)
[Webpacker] Everything's up-to-date. Nothing to do
Completed 200 OK in 17ms (Views: 15.4ms | ActiveRecord: 0.3ms | Allocations: 8345)


Started GET "/" for ::1 at 2021-04-10 15:23:52 -0300
Processing by PagesController#home as HTML
  Rendering pages/home.html.erb within layouts/application
  Rendered pages/home.html.erb within layouts/application (Duration: 1.0ms | Allocations: 148)
[Webpacker] Everything's up-to-date. Nothing to do
Completed 200 OK in 28ms (Views: 27.3ms | ActiveRecord: 0.0ms | Allocations: 7133)


Started GET "/artworks" for ::1 at 2021-04-10 15:23:53 -0300
Processing by ArtworksController#index as HTML
  Rendering artworks/index.html.erb within layouts/application
  [1m[36mArtwork Load (0.2ms)[0m  [1m[34mSELECT "artworks".* FROM "artworks"[0m
  ↳ app/views/artworks/index.html.erb:7
  Rendered artworks/index.html.erb within layouts/application (Duration: 1.2ms | Allocations: 728)
[Webpacker] Everything's up-to-date. Nothing to do
Completed 200 OK in 12ms (Views: 10.7ms | ActiveRecord: 0.2ms | Allocations: 7160)


Started GET "/" for ::1 at 2021-04-10 15:23:53 -0300
Processing by PagesController#home as HTML
  Rendering pages/home.html.erb within layouts/application
  Rendered pages/home.html.erb within layouts/application (Duration: 0.2ms | Allocations: 36)
[Webpacker] Everything's up-to-date. Nothing to do
Completed 200 OK in 16ms (Views: 15.2ms | ActiveRecord: 0.0ms | Allocations: 6453)


Started GET "/artworks" for ::1 at 2021-04-10 15:23:54 -0300
Processing by ArtworksController#index as HTML
  Rendering artworks/index.html.erb within layouts/application
  [1m[36mArtwork Load (2.0ms)[0m  [1m[34mSELECT "artworks".* FROM "artworks"[0m
  ↳ app/views/artworks/index.html.erb:7
  Rendered artworks/index.html.erb within layouts/application (Duration: 3.9ms | Allocations: 723)
[Webpacker] Everything's up-to-date. Nothing to do
Completed 200 OK in 21ms (Views: 17.9ms | ActiveRecord: 2.0ms | Allocations: 7165)


Started GET "/" for ::1 at 2021-04-10 15:23:55 -0300
Processing by PagesController#home as HTML
  Rendering pages/home.html.erb within layouts/application
  Rendered pages/home.html.erb within layouts/application (Duration: 0.2ms | Allocations: 36)
[Webpacker] Everything's up-to-date. Nothing to do
Completed 200 OK in 15ms (Views: 13.9ms | ActiveRecord: 0.0ms | Allocations: 6456)


Started GET "/artworks" for ::1 at 2021-04-10 15:23:56 -0300
Processing by ArtworksController#index as HTML
  Rendering artworks/index.html.erb within layouts/application
  [1m[36mArtwork Load (0.3ms)[0m  [1m[34mSELECT "artworks".* FROM "artworks"[0m
  ↳ app/views/artworks/index.html.erb:7
  Rendered artworks/index.html.erb within layouts/application (Duration: 1.2ms | Allocations: 723)
[Webpacker] Everything's up-to-date. Nothing to do
Completed 200 OK in 14ms (Views: 13.2ms | ActiveRecord: 0.3ms | Allocations: 7155)


Started GET "/" for ::1 at 2021-04-10 15:23:57 -0300
Processing by PagesController#home as HTML
  Rendering pages/home.html.erb within layouts/application
  Rendered pages/home.html.erb within layouts/application (Duration: 0.2ms | Allocations: 36)
[Webpacker] Everything's up-to-date. Nothing to do
Completed 200 OK in 17ms (Views: 16.2ms | ActiveRecord: 0.0ms | Allocations: 6466)


Started GET "/artworks" for ::1 at 2021-04-10 15:23:57 -0300
Processing by ArtworksController#index as HTML
  Rendering artworks/index.html.erb within layouts/application
  [1m[36mArtwork Load (6.4ms)[0m  [1m[34mSELECT "artworks".* FROM "artworks"[0m
  ↳ app/views/artworks/index.html.erb:7
  Rendered artworks/index.html.erb within layouts/application (Duration: 8.0ms | Allocations: 723)
[Webpacker] Everything's up-to-date. Nothing to do
Completed 200 OK in 20ms (Views: 12.6ms | ActiveRecord: 6.4ms | Allocations: 7155)


Started GET "/" for ::1 at 2021-04-10 15:23:58 -0300
Processing by PagesController#home as HTML
  Rendering pages/home.html.erb within layouts/application
  Rendered pages/home.html.erb within layouts/application (Duration: 0.2ms | Allocations: 36)
[Webpacker] Everything's up-to-date. Nothing to do
Completed 200 OK in 12ms (Views: 11.7ms | ActiveRecord: 0.0ms | Allocations: 6458)


Started GET "/artworks" for ::1 at 2021-04-10 15:24:58 -0300
Processing by ArtworksController#index as HTML
  Rendering artworks/index.html.erb within layouts/application
  [1m[36mArtwork Load (0.3ms)[0m  [1m[34mSELECT "artworks".* FROM "artworks"[0m
  ↳ app/views/artworks/index.html.erb:7
  Rendered artworks/index.html.erb within layouts/application (Duration: 1.7ms | Allocations: 723)
[Webpacker] Everything's up-to-date. Nothing to do
Completed 200 OK in 15ms (Views: 13.5ms | ActiveRecord: 0.3ms | Allocations: 7163)


Started GET "/" for ::1 at 2021-04-10 15:24:59 -0300
Processing by PagesController#home as HTML
  Rendering pages/home.html.erb within layouts/application
  Rendered pages/home.html.erb within layouts/application (Duration: 0.2ms | Allocations: 36)
[Webpacker] Everything's up-to-date. Nothing to do
Completed 200 OK in 11ms (Views: 10.0ms | ActiveRecord: 0.0ms | Allocations: 6452)


Started GET "/artworks" for ::1 at 2021-04-10 15:25:00 -0300
Processing by ArtworksController#index as HTML
  Rendering artworks/index.html.erb within layouts/application
  [1m[36mArtwork Load (0.3ms)[0m  [1m[34mSELECT "artworks".* FROM "artworks"[0m
  ↳ app/views/artworks/index.html.erb:7
  Rendered artworks/index.html.erb within layouts/application (Duration: 2.2ms | Allocations: 723)
[Webpacker] Everything's up-to-date. Nothing to do
Completed 200 OK in 15ms (Views: 14.0ms | ActiveRecord: 0.3ms | Allocations: 7157)


Started GET "/" for ::1 at 2021-04-10 15:25:04 -0300
Processing by PagesController#home as HTML
  Rendering pages/home.html.erb within layouts/application
  Rendered pages/home.html.erb within layouts/application (Duration: 0.1ms | Allocations: 36)
[Webpacker] Everything's up-to-date. Nothing to do
Completed 200 OK in 11ms (Views: 10.5ms | ActiveRecord: 0.0ms | Allocations: 6470)


  [1m[35m (0.1ms)[0m  [1m[34mSELECT pg_try_advisory_lock(2054292390599346030)[0m
  [1m[35m (0.5ms)[0m  [1m[34mSELECT "schema_migrations"."version" FROM "schema_migrations" ORDER BY "schema_migrations"."version" ASC[0m
Migrating to CreateShows (20210410183000)
  [1m[35m (0.2ms)[0m  [1m[35mBEGIN[0m
  [1m[35m (37.2ms)[0m  [1m[35mCREATE TABLE "shows" ("id" bigserial primary key, "title" character varying, "subtitle" character varying, "year" integer, "place" character varying, "city" character varying, "country" character varying, "about" character varying, "details" character varying, "created_at" timestamp(6) NOT NULL, "updated_at" timestamp(6) NOT NULL)[0m
  [1m[36mprimary::SchemaMigration Create (0.4ms)[0m  [1m[32mINSERT INTO "schema_migrations" ("version") VALUES ($1) RETURNING "version"[0m  [["version", "20210410183000"]]
  [1m[35m (1.8ms)[0m  [1m[35mCOMMIT[0m
  [1m[36mActiveRecord::InternalMetadata Load (0.3ms)[0m  [1m[34mSELECT "ar_internal_metadata".* FROM "ar_internal_metadata" WHERE "ar_internal_metadata"."key" = $1 LIMIT $2[0m  [["key", "environment"], ["LIMIT", 1]]
  [1m[35m (0.3ms)[0m  [1m[34mSELECT pg_advisory_unlock(2054292390599346030)[0m
  [1m[35m (0.5ms)[0m  [1m[34mSELECT "schema_migrations"."version" FROM "schema_migrations" ORDER BY "schema_migrations"."version" ASC[0m
Started GET "/artworks" for ::1 at 2021-04-10 15:32:12 -0300
  [1m[35m (0.5ms)[0m  [1m[34mSELECT "schema_migrations"."version" FROM "schema_migrations" ORDER BY "schema_migrations"."version" ASC[0m
Processing by ArtworksController#index as HTML
  Rendering artworks/index.html.erb within layouts/application
  [1m[36mArtwork Load (0.5ms)[0m  [1m[34mSELECT "artworks".* FROM "artworks"[0m
  ↳ app/views/artworks/index.html.erb:7
  Rendered artworks/index.html.erb within layouts/application (Duration: 10.6ms | Allocations: 8629)
[Webpacker] Everything's up-to-date. Nothing to do
Completed 200 OK in 24ms (Views: 19.9ms | ActiveRecord: 0.5ms | Allocations: 17470)


Started GET "/" for ::1 at 2021-04-10 15:32:13 -0300
Processing by PagesController#home as HTML
  Rendering pages/home.html.erb within layouts/application
  Rendered pages/home.html.erb within layouts/application (Duration: 1.7ms | Allocations: 149)
[Webpacker] Everything's up-to-date. Nothing to do
Completed 200 OK in 14ms (Views: 12.9ms | ActiveRecord: 0.0ms | Allocations: 7090)


Started GET "/" for ::1 at 2021-04-10 15:32:51 -0300
Processing by PagesController#home as HTML
  Rendering pages/home.html.erb within layouts/application
  Rendered pages/home.html.erb within layouts/application (Duration: 6.6ms | Allocations: 193)
[Webpacker] Everything's up-to-date. Nothing to do
Completed 200 OK in 24ms (Views: 21.7ms | ActiveRecord: 0.0ms | Allocations: 7557)


Started GET "/shows" for ::1 at 2021-04-10 15:32:52 -0300
Processing by ShowsController#index as HTML
  Rendering shows/index.html.erb within layouts/application
  Rendered shows/index.html.erb within layouts/application (Duration: 0.4ms | Allocations: 83)
[Webpacker] Everything's up-to-date. Nothing to do
Completed 200 OK in 15ms (Views: 14.1ms | ActiveRecord: 0.0ms | Allocations: 7029)


Started GET "/shows" for ::1 at 2021-04-10 15:34:04 -0300
Processing by ShowsController#index as HTML
  Rendering shows/index.html.erb within layouts/application
  Rendered shows/index.html.erb within layouts/application (Duration: 0.6ms | Allocations: 172)
[Webpacker] Everything's up-to-date. Nothing to do
Completed 200 OK in 16ms (Views: 14.8ms | ActiveRecord: 0.0ms | Allocations: 7521)


Started GET "/" for ::1 at 2021-04-10 15:34:05 -0300
Processing by PagesController#home as HTML
  Rendering pages/home.html.erb within layouts/application
  Rendered pages/home.html.erb within layouts/application (Duration: 0.7ms | Allocations: 190)
[Webpacker] Everything's up-to-date. Nothing to do
Completed 200 OK in 14ms (Views: 12.4ms | ActiveRecord: 0.0ms | Allocations: 7175)


Started GET "/artworks" for ::1 at 2021-04-10 15:34:06 -0300
Processing by ArtworksController#index as HTML
  Rendering artworks/index.html.erb within layouts/application
  [1m[36mArtwork Load (0.3ms)[0m  [1m[34mSELECT "artworks".* FROM "artworks"[0m
  ↳ app/views/artworks/index.html.erb:7
  Rendered artworks/index.html.erb within layouts/application (Duration: 2.0ms | Allocations: 977)
[Webpacker] Everything's up-to-date. Nothing to do
Completed 200 OK in 15ms (Views: 13.2ms | ActiveRecord: 0.3ms | Allocations: 7988)


Started GET "/" for ::1 at 2021-04-10 15:34:07 -0300
Processing by PagesController#home as HTML
  Rendering pages/home.html.erb within layouts/application
  Rendered pages/home.html.erb within layouts/application (Duration: 0.2ms | Allocations: 64)
[Webpacker] Everything's up-to-date. Nothing to do
Completed 200 OK in 12ms (Views: 11.5ms | ActiveRecord: 0.0ms | Allocations: 6488)


Started GET "/shows" for ::1 at 2021-04-10 15:34:08 -0300
Processing by ShowsController#index as HTML
  Rendering shows/index.html.erb within layouts/application
  Rendered shows/index.html.erb within layouts/application (Duration: 0.1ms | Allocations: 47)
[Webpacker] Everything's up-to-date. Nothing to do
Completed 200 OK in 13ms (Views: 12.5ms | ActiveRecord: 0.0ms | Allocations: 6458)


Started GET "/" for ::1 at 2021-04-10 15:34:08 -0300
Processing by PagesController#home as HTML
  Rendering pages/home.html.erb within layouts/application
  Rendered pages/home.html.erb within layouts/application (Duration: 0.3ms | Allocations: 58)
[Webpacker] Everything's up-to-date. Nothing to do
Completed 200 OK in 12ms (Views: 11.0ms | ActiveRecord: 0.0ms | Allocations: 6460)


Started GET "/" for ::1 at 2021-04-10 15:34:57 -0300
Processing by PagesController#home as HTML
  Rendering pages/home.html.erb within layouts/application
  Rendered pages/home.html.erb within layouts/application (Duration: 0.5ms | Allocations: 190)
[Webpacker] Everything's up-to-date. Nothing to do
Completed 200 OK in 12ms (Views: 10.9ms | ActiveRecord: 0.0ms | Allocations: 7534)


Started GET "/artworks" for ::1 at 2021-04-10 15:34:58 -0300
Processing by ArtworksController#index as HTML
  Rendering artworks/index.html.erb within layouts/application
  [1m[36mArtwork Load (0.3ms)[0m  [1m[34mSELECT "artworks".* FROM "artworks"[0m
  ↳ app/views/artworks/index.html.erb:7
  Rendered artworks/index.html.erb within layouts/application (Duration: 2.6ms | Allocations: 977)
[Webpacker] Everything's up-to-date. Nothing to do
Completed 200 OK in 18ms (Views: 15.3ms | ActiveRecord: 0.3ms | Allocations: 7990)


Started GET "/" for ::1 at 2021-04-10 15:34:59 -0300
Processing by PagesController#home as HTML
  Rendering pages/home.html.erb within layouts/application
  Rendered pages/home.html.erb within layouts/application (Duration: 0.2ms | Allocations: 64)
[Webpacker] Everything's up-to-date. Nothing to do
Completed 200 OK in 29ms (Views: 28.7ms | ActiveRecord: 0.0ms | Allocations: 6482)


Started GET "/shows" for ::1 at 2021-04-10 15:34:59 -0300
Processing by ShowsController#index as HTML
  Rendering shows/index.html.erb within layouts/application
  Rendered shows/index.html.erb within layouts/application (Duration: 0.4ms | Allocations: 174)
[Webpacker] Everything's up-to-date. Nothing to do
Completed 200 OK in 11ms (Views: 10.3ms | ActiveRecord: 0.0ms | Allocations: 7174)


  [1m[35m (0.8ms)[0m  [1m[34mSELECT "schema_migrations"."version" FROM "schema_migrations" ORDER BY "schema_migrations"."version" ASC[0m
  [1m[36mArtwork Load (0.5ms)[0m  [1m[34mSELECT "artworks".* FROM "artworks"[0m
  [1m[35m (0.2ms)[0m  [1m[35mBEGIN[0m
  [1m[35m (0.1ms)[0m  [1m[31mROLLBACK[0m
  [1m[35m (0.4ms)[0m  [1m[34mSELECT "schema_migrations"."version" FROM "schema_migrations" ORDER BY "schema_migrations"."version" ASC[0m
  [1m[35m (0.1ms)[0m  [1m[35mBEGIN[0m
  [1m[36mArtwork Create (0.5ms)[0m  [1m[32mINSERT INTO "artworks" ("title", "year", "height", "width", "depth", "technique", "about", "description", "period", "created_at", "updated_at") VALUES ($1, $2, $3, $4, $5, $6, $7, $8, $9, $10, $11) RETURNING "id"[0m  [["title", "El Nascimiento"], ["year", 1950], ["height", 10], ["width", 10], ["depth", 10], ["technique", "Tinta sobre papel"], ["about", "Pintado en Buenos Aires"], ["description", "Bajo la influencia de alucinógenos"], ["period", "Informalismo"], ["created_at", "2021-04-10 18:39:07.995415"], ["updated_at", "2021-04-10 18:39:07.995415"]]
  [1m[35m (5.2ms)[0m  [1m[35mCOMMIT[0m
  [1m[35m (0.1ms)[0m  [1m[35mBEGIN[0m
  [1m[36mShow Create (0.6ms)[0m  [1m[32mINSERT INTO "shows" ("title", "subtitle", "year", "place", "city", "country", "about", "details", "created_at", "updated_at") VALUES ($1, $2, $3, $4, $5, $6, $7, $8, $9, $10) RETURNING "id"[0m  [["title", "Cristo del 63"], ["subtitle", "Una performance unica"], ["year", 1963], ["place", "Galeria"], ["city", "Roma"], ["country", "Italia"], ["about", "Paso un dia en la carcel"], ["details", "Luego se tuvo que fugar de Italia"], ["created_at", "2021-04-10 18:39:08.022417"], ["updated_at", "2021-04-10 18:39:08.022417"]]
  [1m[35m (4.0ms)[0m  [1m[35mCOMMIT[0m
Started GET "/" for ::1 at 2021-04-10 15:39:59 -0300
Processing by PagesController#home as HTML
  Rendering pages/home.html.erb within layouts/application
  Rendered pages/home.html.erb within layouts/application (Duration: 0.2ms | Allocations: 64)
[Webpacker] Everything's up-to-date. Nothing to do
Completed 200 OK in 11ms (Views: 10.8ms | ActiveRecord: 0.0ms | Allocations: 6492)


Started GET "/artworks" for ::1 at 2021-04-10 15:40:00 -0300
Processing by ArtworksController#index as HTML
  Rendering artworks/index.html.erb within layouts/application
  [1m[36mArtwork Load (0.3ms)[0m  [1m[34mSELECT "artworks".* FROM "artworks"[0m
  ↳ app/views/artworks/index.html.erb:7
  Rendered artworks/index.html.erb within layouts/application (Duration: 1.5ms | Allocations: 760)
[Webpacker] Everything's up-to-date. Nothing to do
Completed 200 OK in 13ms (Views: 12.4ms | ActiveRecord: 0.3ms | Allocations: 7196)


Started GET "/" for ::1 at 2021-04-10 15:40:02 -0300
Processing by PagesController#home as HTML
  Rendering pages/home.html.erb within layouts/application
  Rendered pages/home.html.erb within layouts/application (Duration: 0.2ms | Allocations: 58)
[Webpacker] Everything's up-to-date. Nothing to do
Completed 200 OK in 11ms (Views: 10.5ms | ActiveRecord: 0.0ms | Allocations: 6474)


Started GET "/shows" for ::1 at 2021-04-10 15:40:03 -0300
Processing by ShowsController#index as HTML
  Rendering shows/index.html.erb within layouts/application
  Rendered shows/index.html.erb within layouts/application (Duration: 0.1ms | Allocations: 42)
[Webpacker] Everything's up-to-date. Nothing to do
Completed 200 OK in 10ms (Views: 9.8ms | ActiveRecord: 0.0ms | Allocations: 6468)


Started GET "/" for ::1 at 2021-04-10 15:40:05 -0300
Processing by PagesController#home as HTML
  Rendering pages/home.html.erb within layouts/application
  Rendered pages/home.html.erb within layouts/application (Duration: 0.3ms | Allocations: 58)
[Webpacker] Everything's up-to-date. Nothing to do
Completed 200 OK in 11ms (Views: 10.4ms | ActiveRecord: 0.0ms | Allocations: 6464)


Started GET "/" for ::1 at 2021-04-10 15:42:28 -0300
Processing by PagesController#home as HTML
  Rendering pages/home.html.erb within layouts/application
  Rendered pages/home.html.erb within layouts/application (Duration: 0.6ms | Allocations: 191)
[Webpacker] Everything's up-to-date. Nothing to do
Completed 200 OK in 11ms (Views: 9.9ms | ActiveRecord: 0.0ms | Allocations: 7517)


Started GET "/artworks" for ::1 at 2021-04-10 15:42:30 -0300
Processing by ArtworksController#index as HTML
  Rendering artworks/index.html.erb within layouts/application
  [1m[36mArtwork Load (0.5ms)[0m  [1m[34mSELECT "artworks".* FROM "artworks"[0m
  ↳ app/views/artworks/index.html.erb:7
  Rendered artworks/index.html.erb within layouts/application (Duration: 19.5ms | Allocations: 8977)
[Webpacker] Everything's up-to-date. Nothing to do
Completed 200 OK in 49ms (Views: 39.8ms | ActiveRecord: 5.3ms | Allocations: 17455)


Started GET "/" for ::1 at 2021-04-10 15:42:31 -0300
Processing by PagesController#home as HTML
  Rendering pages/home.html.erb within layouts/application
  Rendered pages/home.html.erb within layouts/application (Duration: 0.2ms | Allocations: 64)
[Webpacker] Everything's up-to-date. Nothing to do
Completed 200 OK in 14ms (Views: 13.0ms | ActiveRecord: 0.0ms | Allocations: 6494)


Started GET "/shows" for ::1 at 2021-04-10 15:42:31 -0300
Processing by ShowsController#index as HTML
  Rendering shows/index.html.erb within layouts/application
  [1m[36mShow Load (0.6ms)[0m  [1m[34mSELECT "shows".* FROM "shows"[0m
  ↳ app/views/shows/index.html.erb:6
  Rendered shows/index.html.erb within layouts/application (Duration: 16.9ms | Allocations: 8391)
[Webpacker] Everything's up-to-date. Nothing to do
Completed 200 OK in 28ms (Views: 22.6ms | ActiveRecord: 3.9ms | Allocations: 15586)


Started GET "/" for ::1 at 2021-04-10 15:42:33 -0300
Processing by PagesController#home as HTML
  Rendering pages/home.html.erb within layouts/application
  Rendered pages/home.html.erb within layouts/application (Duration: 0.2ms | Allocations: 64)
[Webpacker] Everything's up-to-date. Nothing to do
Completed 200 OK in 13ms (Views: 11.9ms | ActiveRecord: 0.0ms | Allocations: 6488)


Started GET "/artworks" for ::1 at 2021-04-10 15:42:34 -0300
Processing by ArtworksController#index as HTML
  Rendering artworks/index.html.erb within layouts/application
  [1m[36mArtwork Load (0.3ms)[0m  [1m[34mSELECT "artworks".* FROM "artworks"[0m
  ↳ app/views/artworks/index.html.erb:7
  Rendered artworks/index.html.erb within layouts/application (Duration: 1.8ms | Allocations: 760)
[Webpacker] Everything's up-to-date. Nothing to do
Completed 200 OK in 13ms (Views: 12.3ms | ActiveRecord: 0.3ms | Allocations: 7202)


Started GET "/" for ::1 at 2021-04-10 15:42:34 -0300
Processing by PagesController#home as HTML
  Rendering pages/home.html.erb within layouts/application
  Rendered pages/home.html.erb within layouts/application (Duration: 0.2ms | Allocations: 58)
[Webpacker] Everything's up-to-date. Nothing to do
Completed 200 OK in 12ms (Views: 11.1ms | ActiveRecord: 0.0ms | Allocations: 6472)


Started GET "/shows" for ::1 at 2021-04-10 15:42:35 -0300
Processing by ShowsController#index as HTML
  Rendering shows/index.html.erb within layouts/application
  [1m[36mShow Load (0.3ms)[0m  [1m[34mSELECT "shows".* FROM "shows"[0m
  ↳ app/views/shows/index.html.erb:6
  Rendered shows/index.html.erb within layouts/application (Duration: 1.3ms | Allocations: 720)
[Webpacker] Everything's up-to-date. Nothing to do
Completed 200 OK in 12ms (Views: 11.3ms | ActiveRecord: 0.3ms | Allocations: 7175)


Started GET "/" for ::1 at 2021-04-10 15:42:46 -0300
Processing by PagesController#home as HTML
  Rendering pages/home.html.erb within layouts/application
  Rendered pages/home.html.erb within layouts/application (Duration: 0.3ms | Allocations: 58)
[Webpacker] Everything's up-to-date. Nothing to do
Completed 200 OK in 15ms (Views: 14.0ms | ActiveRecord: 0.0ms | Allocations: 6480)


Started GET "/artworks" for ::1 at 2021-04-10 15:42:47 -0300
Processing by ArtworksController#index as HTML
  Rendering artworks/index.html.erb within layouts/application
  [1m[36mArtwork Load (0.3ms)[0m  [1m[34mSELECT "artworks".* FROM "artworks"[0m
  ↳ app/views/artworks/index.html.erb:7
  Rendered artworks/index.html.erb within layouts/application (Duration: 2.0ms | Allocations: 755)
[Webpacker] Everything's up-to-date. Nothing to do
Completed 200 OK in 13ms (Views: 12.4ms | ActiveRecord: 0.3ms | Allocations: 7191)


